<?xml version="1.0" encoding="UTF-8"?>
<testng-results ignored="0" total="2" passed="2" failed="0" skipped="0">
  <reporter-output>
  </reporter-output>
  <suite started-at="2022-10-04T19:14:01 IST" name="Suite" finished-at="2022-10-04T19:14:25 IST" duration-ms="24054">
    <groups>
    </groups>
    <test started-at="2022-10-04T19:14:01 IST" name="Test" finished-at="2022-10-04T19:14:25 IST" duration-ms="24054">
      <class name="com.qa.testlayer.DashboardTest">
        <test-method is-config="true" signature="setUp()[pri:0, instance:com.qa.testlayer.DashboardTest@359f7cdf]" started-at="2022-10-04T19:14:15 IST" name="setUp" finished-at="2022-10-04T19:14:23 IST" duration-ms="8400" status="PASS">
          <reporter-output>
          </reporter-output>
        </test-method> <!-- setUp -->
        <test-method signature="verifyDashboard()[pri:0, instance:com.qa.testlayer.DashboardTest@359f7cdf]" started-at="2022-10-04T19:14:23 IST" name="verifyDashboard" finished-at="2022-10-04T19:14:25 IST" duration-ms="1601" status="PASS">
          <reporter-output>
          </reporter-output>
        </test-method> <!-- verifyDashboard -->
        <test-method is-config="true" signature="tearDown()[pri:0, instance:com.qa.testlayer.DashboardTest@359f7cdf]" started-at="2022-10-04T19:14:25 IST" name="tearDown" finished-at="2022-10-04T19:14:25 IST" duration-ms="0" status="PASS">
          <reporter-output>
          </reporter-output>
        </test-method> <!-- tearDown -->
      </class> <!-- com.qa.testlayer.DashboardTest -->
      <class name="com.qa.testlayer.LoginPageTest">
        <test-method is-config="true" signature="setUp()[pri:0, instance:com.qa.testlayer.LoginPageTest@1afd44cb]" started-at="2022-10-04T19:14:01 IST" name="setUp" finished-at="2022-10-04T19:14:11 IST" duration-ms="10303" status="PASS">
          <reporter-output>
          </reporter-output>
        </test-method> <!-- setUp -->
        <test-method signature="verifyLogin()[pri:0, instance:com.qa.testlayer.LoginPageTest@1afd44cb]" started-at="2022-10-04T19:14:11 IST" name="verifyLogin" finished-at="2022-10-04T19:14:15 IST" duration-ms="3678" status="PASS">
          <reporter-output>
          </reporter-output>
        </test-method> <!-- verifyLogin -->
        <test-method is-config="true" signature="tearDown()[pri:0, instance:com.qa.testlayer.LoginPageTest@1afd44cb]" started-at="2022-10-04T19:14:15 IST" name="tearDown" finished-at="2022-10-04T19:14:15 IST" duration-ms="1" status="PASS">
          <reporter-output>
          </reporter-output>
        </test-method> <!-- tearDown -->
      </class> <!-- com.qa.testlayer.LoginPageTest -->
    </test> <!-- Test -->
  </suite> <!-- Suite -->
</testng-results>
